<?xml version="1.0" encoding="UTF-8"?>
<!-- Generated by org.testng.reporters.JUnitReportReporter -->
<testsuite hostname="Dilaras-MacBook.local" failures="0" tests="1" name="buildMavenProject.TestMaven" time="0.008" errors="0" timestamp="2021-12-11T21:15:02 MEZ" skipped="0">
  <testcase classname="buildMavenProject.TestMaven" name="testMaven" time="0.008"/>
  <system-out/>
</testsuite> <!-- buildMavenProject.TestMaven -->
